c:\users\administrator\eyalhareljonathan\eyalhareljonathan\eyalhareljonathan\x64\debug\vc142.pdb
c:\users\administrator\eyalhareljonathan\eyalhareljonathan\eyalhareljonathan\x64\debug\vc142.idb
c:\users\administrator\eyalhareljonathan\eyalhareljonathan\eyalhareljonathan\x64\debug\linemath.obj
c:\users\administrator\eyalhareljonathan\eyalhareljonathan\eyalhareljonathan\x64\debug\first_move.obj
c:\users\administrator\eyalhareljonathan\eyalhareljonathan\eyalhareljonathan\x64\debug\alphabet.obj
c:\users\administrator\eyalhareljonathan\eyalhareljonathan\x64\debug\eyalhareljonathan.exe
c:\users\administrator\eyalhareljonathan\eyalhareljonathan\eyalhareljonathan\x64\debug\eyalhareljonathan.ilk
c:\users\administrator\eyalhareljonathan\eyalhareljonathan\x64\debug\eyalhareljonathan.pdb
c:\users\eyali\roboard\eyalhareljonathan\eyalhareljonathan\x64\debug\alphabet.obj
c:\users\eyali\roboard\eyalhareljonathan\eyalhareljonathan\x64\debug\first_move.obj
c:\users\eyali\roboard\eyalhareljonathan\eyalhareljonathan\x64\debug\linemath.obj
c:\users\eyali\roboard\eyalhareljonathan\eyalhareljonathan\x64\debug\eyalhareljonathan.ilk
c:\users\eyali\roboard\eyalhareljonathan\eyalhareljonathan\x64\debug\vc142.idb
c:\users\eyali\roboard\eyalhareljonathan\eyalhareljonathan\x64\debug\vc142.pdb
c:\users\eyali\roboard\eyalhareljonathan\x64\debug\eyalhareljonathan.pdb
c:\users\eyali\roboard\eyalhareljonathan\x64\debug\eyalhareljonathan.exe
c:\users\eyali\roboard\eyalhareljonathan\eyalhareljonathan\x64\debug\eyalhare.9affa595.tlog\cl.command.1.tlog
c:\users\eyali\roboard\eyalhareljonathan\eyalhareljonathan\x64\debug\eyalhare.9affa595.tlog\cl.read.1.tlog
c:\users\eyali\roboard\eyalhareljonathan\eyalhareljonathan\x64\debug\eyalhare.9affa595.tlog\cl.write.1.tlog
c:\users\eyali\roboard\eyalhareljonathan\eyalhareljonathan\x64\debug\eyalhare.9affa595.tlog\link.command.1.tlog
c:\users\eyali\roboard\eyalhareljonathan\eyalhareljonathan\x64\debug\eyalhare.9affa595.tlog\link.read.1.tlog
c:\users\eyali\roboard\eyalhareljonathan\eyalhareljonathan\x64\debug\eyalhare.9affa595.tlog\link.write.1.tlog
