  first_move.cpp
C:\Users\Administrator\EyalHarelJonathan\first_move.cpp(90,19): warning C4305: '=': truncation from 'double' to 'float'
C:\Users\Administrator\EyalHarelJonathan\first_move.cpp(91,22): warning C4305: '=': truncation from 'double' to 'float'
C:\Users\Administrator\EyalHarelJonathan\first_move.cpp(92,21): warning C4305: '=': truncation from 'double' to 'float'
C:\Users\Administrator\EyalHarelJonathan\first_move.cpp(262,93): warning C4305: 'argument': truncation from 'double' to 'const T'
          with
          [
              T=float
          ]
C:\Users\Administrator\EyalHarelJonathan\first_move.cpp(284,91): warning C4305: 'argument': truncation from 'double' to 'float'
C:\Users\Administrator\EyalHarelJonathan\first_move.cpp(323,37): warning C4305: 'argument': truncation from 'double' to 'const T'
          with
          [
              T=float
          ]
C:\Users\Administrator\EyalHarelJonathan\first_move.cpp(323,48): warning C4305: 'argument': truncation from 'double' to 'const T'
          with
          [
              T=float
          ]
C:\Users\Administrator\EyalHarelJonathan\first_move.cpp(323,60): warning C4305: 'argument': truncation from 'double' to 'const T'
          with
          [
              T=float
          ]
C:\Users\Administrator\EyalHarelJonathan\first_move.cpp(325,32): warning C4305: 'argument': truncation from 'double' to 'const T'
          with
          [
              T=float
          ]
C:\Users\Administrator\EyalHarelJonathan\first_move.cpp(315,21): warning C4101: 'result': unreferenced local variable
C:\Users\Administrator\EyalHarelJonathan\first_move.cpp(315,6): warning C4101: 'programResult': unreferenced local variable
  EyalHarelJonathan.vcxproj -> C:\Users\Administrator\EyalHarelJonathan\EyalHarelJonathan\x64\Debug\EyalHarelJonathan.exe
